{"numFailedTestSuites":2,"numFailedTests":2,"numPassedTestSuites":2,"numPassedTests":14,"numPendingTestSuites":1,"numPendingTests":3,"numRuntimeErrorTestSuites":0,"numTodoTests":0,"numTotalTestSuites":5,"numTotalTests":19,"openHandles":[],"snapshot":{"added":0,"didUpdate":false,"failure":false,"filesAdded":0,"filesRemoved":0,"filesRemovedList":[],"filesUnmatched":0,"filesUpdated":0,"matched":0,"total":0,"unchecked":0,"uncheckedKeysByFile":[],"unmatched":0,"updated":0},"startTime":1787935215424,"success":false,"testResults":[{"assertionResults":[{"ancestorTitles":["Batch fulfillment — IBM_I validation boundary"],"duration":null,"failureDetails":[],"failureMessages":[],"fullName":"Batch fulfillment — IBM_I validation boundary FULMNT completes within batch window after CHG-0042","invocations":1,"location":null,"numPassingAsserts":0,"retryReasons":[],"status":"pending","title":"FULMNT completes within batch window after CHG-0042"},{"ancestorTitles":["Batch fulfillment — IBM_I validation boundary"],"duration":null,"failureDetails":[],"failureMessages":[],"fullName":"Batch fulfillment — IBM_I validation boundary ORDPRC compiles cleanly after CUSCLS branch addition","invocations":1,"location":null,"numPassingAsserts":0,"retryReasons":[],"status":"pending","title":"ORDPRC compiles cleanly after CUSCLS branch addition"},{"ancestorTitles":["Batch fulfillment — IBM_I validation boundary"],"duration":null,"failureDetails":[],"failureMessages":[],"fullName":"Batch fulfillment — IBM_I validation boundary SCDTIME(181500) takes effect in production job schedule","invocations":1,"location":null,"numPassingAsserts":0,"retryReasons":[],"status":"pending","title":"SCDTIME(181500) takes effect in production job schedule"}],"coverage":{},"endTime":1787935216344,"message":"","name":"/workspace/scratch/27e231a7f082/changeproof/tests/regression/batch.test.js","startTime":1787935216344,"status":"skipped","summary":""},{"assertionResults":[{"ancestorTitles":["POST /orders"],"duration":147,"failureDetails":[],"failureMessages":[],"fullName":"POST /orders accepts a valid standard order well before cutoff","invocations":1,"location":null,"numPassingAsserts":1,"retryReasons":[],"status":"passed","title":"accepts a valid standard order well before cutoff"},{"ancestorTitles":["POST /orders"],"duration":3,"failureDetails":[],"failureMessages":[],"fullName":"POST /orders rejects a request with missing required fields","invocations":1,"location":null,"numPassingAsserts":1,"retryReasons":[],"status":"passed","title":"rejects a request with missing required fields"},{"ancestorTitles":["POST /orders"],"duration":3,"failureDetails":[],"failureMessages":[],"fullName":"POST /orders rejects an expedited order submitted after cutoff (hour=17)","invocations":1,"location":null,"numPassingAsserts":2,"retryReasons":[],"status":"passed","title":"rejects an expedited order submitted after cutoff (hour=17)"},{"ancestorTitles":["POST /orders"],"duration":4,"failureDetails":[],"failureMessages":[],"fullName":"POST /orders accepts an expedited order submitted before cutoff (hour=15)","invocations":1,"location":null,"numPassingAsserts":1,"retryReasons":[],"status":"passed","title":"accepts an expedited order submitted before cutoff (hour=15)"},{"ancestorTitles":["POST /orders"],"duration":8,"failureDetails":[{"matcherResult":{"actual":422,"expected":201,"message":"expect(received).toBe(expected) // Object.is equality\n\nExpected: 201\nReceived: 422","name":"toBe","pass":false}}],"failureMessages":["Error: expect(received).toBe(expected) // Object.is equality\n\nExpected: 201\nReceived: 422\n    at Object.toBe (/workspace/scratch/27e231a7f082/changeproof/api/tests/orders.test.js:50:24)\n    at processTicksAndRejections (node:internal/process/task_queues:104:5)"],"fullName":"POST /orders accepts Preferred customer expedited order at 17:00 (CHG-0042)","invocations":1,"location":null,"numPassingAsserts":0,"retryReasons":[],"status":"failed","title":"accepts Preferred customer expedited order at 17:00 (CHG-0042)"},{"ancestorTitles":["POST /orders"],"duration":2,"failureDetails":[],"failureMessages":[],"fullName":"POST /orders rejects Preferred customer expedited order at 19:00 (after 18:00 cutoff)","invocations":1,"location":null,"numPassingAsserts":2,"retryReasons":[],"status":"passed","title":"rejects Preferred customer expedited order at 19:00 (after 18:00 cutoff)"},{"ancestorTitles":["GET /orders/:id"],"duration":2,"failureDetails":[],"failureMessages":[],"fullName":"GET /orders/:id returns 404 for an unknown order","invocations":1,"location":null,"numPassingAsserts":1,"retryReasons":[],"status":"passed","title":"returns 404 for an unknown order"}],"endTime":1787935216019,"message":"  ● POST /orders › accepts Preferred customer expedited order at 17:00 (CHG-0042)\n\n    expect(received).toBe(expected) // Object.is equality\n\n    Expected: 201\n    Received: 422\n\n      48 |       orderTime : '2024-11-15T17:00:00.000Z'  // 17:00 UTC — before 18:00 Preferred cutoff\n      49 |     });\n    > 50 |     expect(res.status).toBe(201);\n         |                        ^\n      51 |   });\n      52 |\n      53 |   test('rejects Preferred customer expedited order at 19:00 (after 18:00 cutoff)', async () => {\n\n      at Object.toBe (tests/orders.test.js:50:24)\n","name":"/workspace/scratch/27e231a7f082/changeproof/api/tests/orders.test.js","startTime":1787935215571,"status":"failed","summary":""},{"assertionResults":[{"ancestorTitles":["Cutoff regression — CHG-0042"],"duration":33,"failureDetails":[],"failureMessages":[],"fullName":"Cutoff regression — CHG-0042 Standard customer expedited order at 15:00 is accepted","invocations":1,"location":null,"numPassingAsserts":1,"retryReasons":[],"status":"passed","title":"Standard customer expedited order at 15:00 is accepted"},{"ancestorTitles":["Cutoff regression — CHG-0042"],"duration":3,"failureDetails":[],"failureMessages":[],"fullName":"Cutoff regression — CHG-0042 Standard customer expedited order at 17:00 is rejected","invocations":1,"location":null,"numPassingAsserts":2,"retryReasons":[],"status":"passed","title":"Standard customer expedited order at 17:00 is rejected"},{"ancestorTitles":["Cutoff regression — CHG-0042"],"duration":2,"failureDetails":[{"matcherResult":{"actual":422,"expected":201,"message":"expect(received).toBe(expected) // Object.is equality\n\nExpected: 201\nReceived: 422","name":"toBe","pass":false}}],"failureMessages":["Error: expect(received).toBe(expected) // Object.is equality\n\nExpected: 201\nReceived: 422\n    at Object.toBe (/workspace/scratch/27e231a7f082/changeproof/tests/regression/cutoff.test.js:51:24)\n    at processTicksAndRejections (node:internal/process/task_queues:104:5)"],"fullName":"Cutoff regression — CHG-0042 Preferred customer expedited order at 17:00 should be accepted (CHG-0042)","invocations":1,"location":null,"numPassingAsserts":0,"retryReasons":[],"status":"failed","title":"Preferred customer expedited order at 17:00 should be accepted (CHG-0042)"},{"ancestorTitles":["Cutoff regression — CHG-0042"],"duration":1,"failureDetails":[],"failureMessages":[],"fullName":"Cutoff regression — CHG-0042 Preferred customer expedited order at 19:00 is rejected","invocations":1,"location":null,"numPassingAsserts":2,"retryReasons":[],"status":"passed","title":"Preferred customer expedited order at 19:00 is rejected"}],"endTime":1787935216142,"message":"  ● Cutoff regression — CHG-0042 › Preferred customer expedited order at 17:00 should be accepted (CHG-0042)\n\n    expect(received).toBe(expected) // Object.is equality\n\n    Expected: 201\n    Received: 422\n\n      49 |       orderTime : '2024-11-15T17:00:00.000Z'\n      50 |     });\n    > 51 |     expect(res.status).toBe(201);   // FAILS pre-change (returns 422)\n         |                        ^\n      52 |   });\n      53 |\n      54 |   test('Preferred customer expedited order at 19:00 is rejected', async () => {\n\n      at Object.toBe (cutoff.test.js:51:24)\n","name":"/workspace/scratch/27e231a7f082/changeproof/tests/regression/cutoff.test.js","startTime":1787935216022,"status":"failed","summary":""},{"assertionResults":[{"ancestorTitles":["Inventory allocation regression"],"duration":43,"failureDetails":[],"failureMessages":[],"fullName":"Inventory allocation regression Order for in-stock item is accepted","invocations":1,"location":null,"numPassingAsserts":1,"retryReasons":[],"status":"passed","title":"Order for in-stock item is accepted"},{"ancestorTitles":["Inventory allocation regression"],"duration":4,"failureDetails":[],"failureMessages":[],"fullName":"Inventory allocation regression Customer lookup returns correct class for Preferred customer","invocations":1,"location":null,"numPassingAsserts":2,"retryReasons":[],"status":"passed","title":"Customer lookup returns correct class for Preferred customer"},{"ancestorTitles":["Inventory allocation regression"],"duration":3,"failureDetails":[],"failureMessages":[],"fullName":"Inventory allocation regression Inactive customer data is present in surrogate","invocations":1,"location":null,"numPassingAsserts":2,"retryReasons":[],"status":"passed","title":"Inactive customer data is present in surrogate"}],"endTime":1787935216238,"message":"","name":"/workspace/scratch/27e231a7f082/changeproof/tests/regression/inventory.test.js","startTime":1787935216145,"status":"passed","summary":""},{"assertionResults":[{"ancestorTitles":["GET /customers/:id"],"duration":52,"failureDetails":[],"failureMessages":[],"fullName":"GET /customers/:id returns customer data for a known Preferred customer","invocations":1,"location":null,"numPassingAsserts":3,"retryReasons":[],"status":"passed","title":"returns customer data for a known Preferred customer"},{"ancestorTitles":["GET /customers/:id"],"duration":3,"failureDetails":[],"failureMessages":[],"fullName":"GET /customers/:id returns 404 for an unknown customer","invocations":1,"location":null,"numPassingAsserts":1,"retryReasons":[],"status":"passed","title":"returns 404 for an unknown customer"}],"endTime":1787935216341,"message":"","name":"/workspace/scratch/27e231a7f082/changeproof/api/tests/customers.test.js","startTime":1787935216241,"status":"passed","summary":""}],"wasInterrupted":false}
