{"numFailedTestSuites":0,"numFailedTests":0,"numPassedTestSuites":1,"numPassedTests":2,"numPendingTestSuites":0,"numPendingTests":0,"numRuntimeErrorTestSuites":0,"numTodoTests":0,"numTotalTestSuites":1,"numTotalTests":2,"openHandles":[],"snapshot":{"added":0,"didUpdate":false,"failure":false,"filesAdded":0,"filesRemoved":0,"filesRemovedList":[],"filesUnmatched":0,"filesUpdated":0,"matched":0,"total":0,"unchecked":0,"uncheckedKeysByFile":[],"unmatched":0,"updated":0},"startTime":1787959565298,"success":true,"testResults":[{"assertionResults":[{"ancestorTitles":["CHG-WEB-017 timeout acceptance"],"duration":2,"failureDetails":[],"failureMessages":[],"fullName":"CHG-WEB-017 timeout acceptance application request timeout is 60 seconds","invocations":1,"location":null,"numPassingAsserts":1,"retryReasons":[],"status":"passed","title":"application request timeout is 60 seconds"},{"ancestorTitles":["CHG-WEB-017 timeout acceptance"],"duration":1,"failureDetails":[],"failureMessages":[],"fullName":"CHG-WEB-017 timeout acceptance existing gateway behavior remains unchanged apart from timeout","invocations":1,"location":null,"numPassingAsserts":2,"retryReasons":[],"status":"passed","title":"existing gateway behavior remains unchanged apart from timeout"}],"endTime":1787959565554,"message":"","name":"/home/runner/work/changeproof/changeproof/examples/timeout-service/states/post-change/tests/timeout.test.js","startTime":1787959565330,"status":"passed","summary":""}],"wasInterrupted":false}
