{"numFailedTestSuites":1,"numFailedTests":1,"numPassedTestSuites":0,"numPassedTests":1,"numPendingTestSuites":0,"numPendingTests":0,"numRuntimeErrorTestSuites":0,"numTodoTests":0,"numTotalTestSuites":1,"numTotalTests":2,"openHandles":[],"snapshot":{"added":0,"didUpdate":false,"failure":false,"filesAdded":0,"filesRemoved":0,"filesRemovedList":[],"filesUnmatched":0,"filesUpdated":0,"matched":0,"total":0,"unchecked":0,"uncheckedKeysByFile":[],"unmatched":0,"updated":0},"startTime":1788049416707,"success":false,"testResults":[{"assertionResults":[{"ancestorTitles":["CHG-WEB-017 timeout acceptance"],"duration":3,"failureDetails":[{"matcherResult":{"actual":30,"expected":60,"message":"expect(received).toBe(expected) // Object.is equality\n\nExpected: 60\nReceived: 30","name":"toBe","pass":false}}],"failureMessages":["Error: expect(received).toBe(expected) // Object.is equality\n\nExpected: 60\nReceived: 30\n    at Object.toBe (/home/runner/work/changeproof/changeproof/examples/timeout-service/states/baseline/tests/timeout.test.js:7:40)\n    at Promise.then.completed (/home/runner/work/changeproof/changeproof/node_modules/jest-circus/build/utils.js:298:28)\n    at new Promise (<anonymous>)\n    at callAsyncCircusFn (/home/runner/work/changeproof/changeproof/node_modules/jest-circus/build/utils.js:231:10)\n    at _callCircusTest (/home/runner/work/changeproof/changeproof/node_modules/jest-circus/build/run.js:316:40)\n    at _runTest (/home/runner/work/changeproof/changeproof/node_modules/jest-circus/build/run.js:252:3)\n    at _runTestsForDescribeBlock (/home/runner/work/changeproof/changeproof/node_modules/jest-circus/build/run.js:126:9)\n    at _runTestsForDescribeBlock (/home/runner/work/changeproof/changeproof/node_modules/jest-circus/build/run.js:121:9)\n    at run (/home/runner/work/changeproof/changeproof/node_modules/jest-circus/build/run.js:71:3)\n    at runAndTransformResultsToJestFormat (/home/runner/work/changeproof/changeproof/node_modules/jest-circus/build/legacy-code-todo-rewrite/jestAdapterInit.js:122:21)\n    at jestAdapter (/home/runner/work/changeproof/changeproof/node_modules/jest-circus/build/legacy-code-todo-rewrite/jestAdapter.js:79:19)\n    at runTestInternal (/home/runner/work/changeproof/changeproof/node_modules/jest-runner/build/runTest.js:367:16)\n    at runTest (/home/runner/work/changeproof/changeproof/node_modules/jest-runner/build/runTest.js:444:34)"],"fullName":"CHG-WEB-017 timeout acceptance application request timeout is 60 seconds","invocations":1,"location":null,"numPassingAsserts":0,"retryReasons":[],"status":"failed","title":"application request timeout is 60 seconds"},{"ancestorTitles":["CHG-WEB-017 timeout acceptance"],"duration":1,"failureDetails":[],"failureMessages":[],"fullName":"CHG-WEB-017 timeout acceptance existing gateway behavior remains unchanged apart from timeout","invocations":1,"location":null,"numPassingAsserts":2,"retryReasons":[],"status":"passed","title":"existing gateway behavior remains unchanged apart from timeout"}],"endTime":1788049417016,"message":"  ● CHG-WEB-017 timeout acceptance › application request timeout is 60 seconds\n\n    expect(received).toBe(expected) // Object.is equality\n\n    Expected: 60\n    Received: 30\n\n    \u001b[0m \u001b[90m  5 |\u001b[39m describe(\u001b[32m'CHG-WEB-017 timeout acceptance'\u001b[39m\u001b[33m,\u001b[39m () \u001b[33m=>\u001b[39m {\n     \u001b[90m  6 |\u001b[39m   test(\u001b[32m'application request timeout is 60 seconds'\u001b[39m\u001b[33m,\u001b[39m () \u001b[33m=>\u001b[39m {\n    \u001b[31m\u001b[1m>\u001b[22m\u001b[39m\u001b[90m  7 |\u001b[39m     expect(getRequestTimeoutSeconds())\u001b[33m.\u001b[39mtoBe(\u001b[35m60\u001b[39m)\u001b[33m;\u001b[39m\n     \u001b[90m    |\u001b[39m                                        \u001b[31m\u001b[1m^\u001b[22m\u001b[39m\n     \u001b[90m  8 |\u001b[39m   })\u001b[33m;\u001b[39m\n     \u001b[90m  9 |\u001b[39m\n     \u001b[90m 10 |\u001b[39m   test(\u001b[32m'existing gateway behavior remains unchanged apart from timeout'\u001b[39m\u001b[33m,\u001b[39m () \u001b[33m=>\u001b[39m {\u001b[0m\n\n      at Object.toBe (examples/timeout-service/states/baseline/tests/timeout.test.js:7:40)\n","name":"/home/runner/work/changeproof/changeproof/examples/timeout-service/states/baseline/tests/timeout.test.js","startTime":1788049416744,"status":"failed","summary":""}],"wasInterrupted":false}
