{"numFailedTestSuites":0,"numFailedTests":0,"numPassedTestSuites":4,"numPassedTests":16,"numPendingTestSuites":1,"numPendingTests":3,"numRuntimeErrorTestSuites":0,"numTodoTests":0,"numTotalTestSuites":5,"numTotalTests":19,"openHandles":[],"snapshot":{"added":0,"didUpdate":false,"failure":false,"filesAdded":0,"filesRemoved":0,"filesRemovedList":[],"filesUnmatched":0,"filesUpdated":0,"matched":0,"total":0,"unchecked":0,"uncheckedKeysByFile":[],"unmatched":0,"updated":0},"startTime":1788049414860,"success":true,"testResults":[{"assertionResults":[{"ancestorTitles":["Batch fulfillment — IBM_I validation boundary"],"duration":null,"failureDetails":[],"failureMessages":[],"fullName":"Batch fulfillment — IBM_I validation boundary FULMNT completes within batch window after CHG-0042","invocations":1,"location":null,"numPassingAsserts":0,"retryReasons":[],"status":"pending","title":"FULMNT completes within batch window after CHG-0042"},{"ancestorTitles":["Batch fulfillment — IBM_I validation boundary"],"duration":null,"failureDetails":[],"failureMessages":[],"fullName":"Batch fulfillment — IBM_I validation boundary ORDPRC compiles cleanly after CUSCLS branch addition","invocations":1,"location":null,"numPassingAsserts":0,"retryReasons":[],"status":"pending","title":"ORDPRC compiles cleanly after CUSCLS branch addition"},{"ancestorTitles":["Batch fulfillment — IBM_I validation boundary"],"duration":null,"failureDetails":[],"failureMessages":[],"fullName":"Batch fulfillment — IBM_I validation boundary SCDTIME(181500) takes effect in production job schedule","invocations":1,"location":null,"numPassingAsserts":0,"retryReasons":[],"status":"pending","title":"SCDTIME(181500) takes effect in production job schedule"}],"coverage":{},"endTime":1788049415908,"message":"","name":"/home/runner/work/changeproof/changeproof/tests/regression/batch.test.js","startTime":1788049415908,"status":"skipped","summary":""},{"assertionResults":[{"ancestorTitles":["POST /orders"],"duration":225,"failureDetails":[],"failureMessages":[],"fullName":"POST /orders accepts a valid standard order well before cutoff","invocations":1,"location":null,"numPassingAsserts":1,"retryReasons":[],"status":"passed","title":"accepts a valid standard order well before cutoff"},{"ancestorTitles":["POST /orders"],"duration":3,"failureDetails":[],"failureMessages":[],"fullName":"POST /orders rejects a request with missing required fields","invocations":1,"location":null,"numPassingAsserts":1,"retryReasons":[],"status":"passed","title":"rejects a request with missing required fields"},{"ancestorTitles":["POST /orders"],"duration":3,"failureDetails":[],"failureMessages":[],"fullName":"POST /orders rejects an expedited order submitted after cutoff (hour=17)","invocations":1,"location":null,"numPassingAsserts":2,"retryReasons":[],"status":"passed","title":"rejects an expedited order submitted after cutoff (hour=17)"},{"ancestorTitles":["POST /orders"],"duration":4,"failureDetails":[],"failureMessages":[],"fullName":"POST /orders accepts an expedited order submitted before cutoff (hour=15)","invocations":1,"location":null,"numPassingAsserts":1,"retryReasons":[],"status":"passed","title":"accepts an expedited order submitted before cutoff (hour=15)"},{"ancestorTitles":["POST /orders"],"duration":5,"failureDetails":[],"failureMessages":[],"fullName":"POST /orders accepts Preferred customer expedited order at 17:00 (CHG-0042)","invocations":1,"location":null,"numPassingAsserts":1,"retryReasons":[],"status":"passed","title":"accepts Preferred customer expedited order at 17:00 (CHG-0042)"},{"ancestorTitles":["POST /orders"],"duration":3,"failureDetails":[],"failureMessages":[],"fullName":"POST /orders rejects Preferred customer expedited order at 19:00 (after 18:00 cutoff)","invocations":1,"location":null,"numPassingAsserts":2,"retryReasons":[],"status":"passed","title":"rejects Preferred customer expedited order at 19:00 (after 18:00 cutoff)"},{"ancestorTitles":["GET /orders/:id"],"duration":3,"failureDetails":[],"failureMessages":[],"fullName":"GET /orders/:id returns 404 for an unknown order","invocations":1,"location":null,"numPassingAsserts":1,"retryReasons":[],"status":"passed","title":"returns 404 for an unknown order"}],"endTime":1788049415522,"message":"","name":"/home/runner/work/changeproof/changeproof/api/tests/orders.test.js","startTime":1788049415056,"status":"passed","summary":""},{"assertionResults":[{"ancestorTitles":["Cutoff regression — CHG-0042"],"duration":47,"failureDetails":[],"failureMessages":[],"fullName":"Cutoff regression — CHG-0042 Standard customer expedited order at 15:00 is accepted","invocations":1,"location":null,"numPassingAsserts":1,"retryReasons":[],"status":"passed","title":"Standard customer expedited order at 15:00 is accepted"},{"ancestorTitles":["Cutoff regression — CHG-0042"],"duration":3,"failureDetails":[],"failureMessages":[],"fullName":"Cutoff regression — CHG-0042 Standard customer expedited order at 17:00 is rejected","invocations":1,"location":null,"numPassingAsserts":2,"retryReasons":[],"status":"passed","title":"Standard customer expedited order at 17:00 is rejected"},{"ancestorTitles":["Cutoff regression — CHG-0042"],"duration":3,"failureDetails":[],"failureMessages":[],"fullName":"Cutoff regression — CHG-0042 Preferred customer expedited order at 17:00 should be accepted (CHG-0042)","invocations":1,"location":null,"numPassingAsserts":1,"retryReasons":[],"status":"passed","title":"Preferred customer expedited order at 17:00 should be accepted (CHG-0042)"},{"ancestorTitles":["Cutoff regression — CHG-0042"],"duration":2,"failureDetails":[],"failureMessages":[],"fullName":"Cutoff regression — CHG-0042 Preferred customer expedited order at 19:00 is rejected","invocations":1,"location":null,"numPassingAsserts":2,"retryReasons":[],"status":"passed","title":"Preferred customer expedited order at 19:00 is rejected"}],"endTime":1788049415673,"message":"","name":"/home/runner/work/changeproof/changeproof/tests/regression/cutoff.test.js","startTime":1788049415526,"status":"passed","summary":""},{"assertionResults":[{"ancestorTitles":["Inventory allocation regression"],"duration":48,"failureDetails":[],"failureMessages":[],"fullName":"Inventory allocation regression Order for in-stock item is accepted","invocations":1,"location":null,"numPassingAsserts":1,"retryReasons":[],"status":"passed","title":"Order for in-stock item is accepted"},{"ancestorTitles":["Inventory allocation regression"],"duration":2,"failureDetails":[],"failureMessages":[],"fullName":"Inventory allocation regression Customer lookup returns correct class for Preferred customer","invocations":1,"location":null,"numPassingAsserts":2,"retryReasons":[],"status":"passed","title":"Customer lookup returns correct class for Preferred customer"},{"ancestorTitles":["Inventory allocation regression"],"duration":3,"failureDetails":[],"failureMessages":[],"fullName":"Inventory allocation regression Inactive customer data is present in surrogate","invocations":1,"location":null,"numPassingAsserts":2,"retryReasons":[],"status":"passed","title":"Inactive customer data is present in surrogate"}],"endTime":1788049415785,"message":"","name":"/home/runner/work/changeproof/changeproof/tests/regression/inventory.test.js","startTime":1788049415675,"status":"passed","summary":""},{"assertionResults":[{"ancestorTitles":["GET /customers/:id"],"duration":59,"failureDetails":[],"failureMessages":[],"fullName":"GET /customers/:id returns customer data for a known Preferred customer","invocations":1,"location":null,"numPassingAsserts":3,"retryReasons":[],"status":"passed","title":"returns customer data for a known Preferred customer"},{"ancestorTitles":["GET /customers/:id"],"duration":2,"failureDetails":[],"failureMessages":[],"fullName":"GET /customers/:id returns 404 for an unknown customer","invocations":1,"location":null,"numPassingAsserts":1,"retryReasons":[],"status":"passed","title":"returns 404 for an unknown customer"}],"endTime":1788049415904,"message":"","name":"/home/runner/work/changeproof/changeproof/api/tests/customers.test.js","startTime":1788049415788,"status":"passed","summary":""}],"wasInterrupted":false}
